<?xml version="1.0" encoding="UTF-8"?>
<testng-results skipped="0" failed="2" ignored="0" total="4" passed="2">
  <reporter-output>
    <line>
      <![CDATA[Test Passed]]>
    </line>
    <line>
      <![CDATA[Test Passed]]>
    </line>
  </reporter-output>
  <suite name="Suite" duration-ms="266753" started-at="2018-06-03T05:36:23Z" finished-at="2018-06-03T05:40:50Z">
    <groups>
    </groups>
    <test name="Test" duration-ms="266753" started-at="2018-06-03T05:36:23Z" finished-at="2018-06-03T05:40:50Z">
      <class name="Test1.testLinkedin">
        <test-method status="PASS" signature="LaunchBrowser()[pri:0, instance:Test1.testLinkedin@42e26948]" name="LaunchBrowser" is-config="true" duration-ms="3822" started-at="2018-06-03T05:39:55Z" finished-at="2018-06-03T05:39:59Z">
          <reporter-output>
          </reporter-output>
        </test-method> <!-- LaunchBrowser -->
        <test-method status="PASS" signature="TestLinkedin()[pri:0, instance:Test1.testLinkedin@42e26948]" name="TestLinkedin" duration-ms="50586" started-at="2018-06-03T05:39:59Z" finished-at="2018-06-03T05:40:49Z">
          <reporter-output>
            <line>
              <![CDATA[Test Passed]]>
            </line>
          </reporter-output>
        </test-method> <!-- TestLinkedin -->
        <test-method status="PASS" signature="CloseBrowser(org.testng.ITestResult)[pri:0, instance:Test1.testLinkedin@42e26948]" name="CloseBrowser" is-config="true" duration-ms="802" started-at="2018-06-03T05:40:49Z" finished-at="2018-06-03T05:40:50Z">
          <params>
            <param index="0">
              <value>
                <![CDATA[[TestResult name=TestLinkedin status=SUCCESS method=testLinkedin.TestLinkedin()[pri:0, instance:Test1.testLinkedin@42e26948] output=Test Passed]]]>
              </value>
            </param>
          </params>
          <reporter-output>
          </reporter-output>
        </test-method> <!-- CloseBrowser -->
      </class> <!-- Test1.testLinkedin -->
      <class name="Test1.testTwitter">
        <test-method status="PASS" signature="LaunchBrowser()[pri:0, instance:Test1.testTwitter@1794d431]" name="LaunchBrowser" is-config="true" duration-ms="4542" started-at="2018-06-03T05:39:08Z" finished-at="2018-06-03T05:39:13Z">
          <reporter-output>
          </reporter-output>
        </test-method> <!-- LaunchBrowser -->
        <test-method status="FAIL" signature="TestTwitter()[pri:0, instance:Test1.testTwitter@1794d431]" name="TestTwitter" duration-ms="40823" started-at="2018-06-03T05:39:13Z" finished-at="2018-06-03T05:39:53Z">
          <exception class="java.lang.AssertionError">
            <message>
              <![CDATA[expected [] but found [Login on Twitter]]]>
            </message>
            <full-stacktrace>
              <![CDATA[java.lang.AssertionError: expected [] but found [Login on Twitter]
at org.testng.Assert.fail(Assert.java:96)
at org.testng.Assert.failNotEquals(Assert.java:776)
at org.testng.Assert.assertEqualsImpl(Assert.java:137)
at org.testng.Assert.assertEquals(Assert.java:118)
at org.testng.Assert.assertEquals(Assert.java:453)
at org.testng.Assert.assertEquals(Assert.java:463)
at Test1.testTwitter.TestTwitter(testTwitter.java:30)
at sun.reflect.NativeMethodAccessorImpl.invoke0(Native Method)
at sun.reflect.NativeMethodAccessorImpl.invoke(Unknown Source)
at sun.reflect.DelegatingMethodAccessorImpl.invoke(Unknown Source)
at java.lang.reflect.Method.invoke(Unknown Source)
at org.testng.internal.MethodInvocationHelper.invokeMethod(MethodInvocationHelper.java:124)
at org.testng.internal.Invoker.invokeMethod(Invoker.java:580)
at org.testng.internal.Invoker.invokeTestMethod(Invoker.java:716)
at org.testng.internal.Invoker.invokeTestMethods(Invoker.java:988)
at org.testng.internal.TestMethodWorker.invokeTestMethods(TestMethodWorker.java:125)
at org.testng.internal.TestMethodWorker.run(TestMethodWorker.java:109)
at org.testng.TestRunner.privateRun(TestRunner.java:648)
at org.testng.TestRunner.run(TestRunner.java:505)
at org.testng.SuiteRunner.runTest(SuiteRunner.java:455)
at org.testng.SuiteRunner.runSequentially(SuiteRunner.java:450)
at org.testng.SuiteRunner.privateRun(SuiteRunner.java:415)
at org.testng.SuiteRunner.run(SuiteRunner.java:364)
at org.testng.SuiteRunnerWorker.runSuite(SuiteRunnerWorker.java:52)
at org.testng.SuiteRunnerWorker.run(SuiteRunnerWorker.java:84)
at org.testng.TestNG.runSuitesSequentially(TestNG.java:1208)
at org.testng.TestNG.runSuitesLocally(TestNG.java:1137)
at org.testng.TestNG.runSuites(TestNG.java:1049)
at org.testng.TestNG.run(TestNG.java:1017)
at org.testng.remote.AbstractRemoteTestNG.run(AbstractRemoteTestNG.java:114)
at org.testng.remote.RemoteTestNG.initAndRun(RemoteTestNG.java:251)
at org.testng.remote.RemoteTestNG.main(RemoteTestNG.java:77)
]]>
            </full-stacktrace>
          </exception> <!-- java.lang.AssertionError -->
          <reporter-output>
          </reporter-output>
        </test-method> <!-- TestTwitter -->
        <test-method status="PASS" signature="CloseBrowser(org.testng.ITestResult)[pri:0, instance:Test1.testTwitter@1794d431]" name="CloseBrowser" is-config="true" duration-ms="1333" started-at="2018-06-03T05:39:53Z" finished-at="2018-06-03T05:39:55Z">
          <params>
            <param index="0">
              <value>
                <![CDATA[[TestResult name=TestTwitter status=FAILURE method=testTwitter.TestTwitter()[pri:0, instance:Test1.testTwitter@1794d431] output={null}]]]>
              </value>
            </param>
          </params>
          <reporter-output>
          </reporter-output>
        </test-method> <!-- CloseBrowser -->
      </class> <!-- Test1.testTwitter -->
      <class name="Test1.testInstagram">
        <test-method status="PASS" signature="LaunchBrowser()[pri:0, instance:Test1.testInstagram@39c0f4a]" name="LaunchBrowser" is-config="true" duration-ms="4102" started-at="2018-06-03T05:38:28Z" finished-at="2018-06-03T05:38:32Z">
          <reporter-output>
          </reporter-output>
        </test-method> <!-- LaunchBrowser -->
        <test-method status="FAIL" signature="TestInstagram()[pri:0, instance:Test1.testInstagram@39c0f4a]" name="TestInstagram" duration-ms="34793" started-at="2018-06-03T05:38:32Z" finished-at="2018-06-03T05:39:07Z">
          <exception class="java.lang.AssertionError">
            <message>
              <![CDATA[expected [Instagram] but found [Instagram1]]]>
            </message>
            <full-stacktrace>
              <![CDATA[java.lang.AssertionError: expected [Instagram] but found [Instagram1]
at org.testng.Assert.fail(Assert.java:96)
at org.testng.Assert.failNotEquals(Assert.java:776)
at org.testng.Assert.assertEqualsImpl(Assert.java:137)
at org.testng.Assert.assertEquals(Assert.java:118)
at org.testng.Assert.assertEquals(Assert.java:453)
at org.testng.Assert.assertEquals(Assert.java:463)
at Test1.testInstagram.TestInstagram(testInstagram.java:28)
at sun.reflect.NativeMethodAccessorImpl.invoke0(Native Method)
at sun.reflect.NativeMethodAccessorImpl.invoke(Unknown Source)
at sun.reflect.DelegatingMethodAccessorImpl.invoke(Unknown Source)
at java.lang.reflect.Method.invoke(Unknown Source)
at org.testng.internal.MethodInvocationHelper.invokeMethod(MethodInvocationHelper.java:124)
at org.testng.internal.Invoker.invokeMethod(Invoker.java:580)
at org.testng.internal.Invoker.invokeTestMethod(Invoker.java:716)
at org.testng.internal.Invoker.invokeTestMethods(Invoker.java:988)
at org.testng.internal.TestMethodWorker.invokeTestMethods(TestMethodWorker.java:125)
at org.testng.internal.TestMethodWorker.run(TestMethodWorker.java:109)
at org.testng.TestRunner.privateRun(TestRunner.java:648)
at org.testng.TestRunner.run(TestRunner.java:505)
at org.testng.SuiteRunner.runTest(SuiteRunner.java:455)
at org.testng.SuiteRunner.runSequentially(SuiteRunner.java:450)
at org.testng.SuiteRunner.privateRun(SuiteRunner.java:415)
at org.testng.SuiteRunner.run(SuiteRunner.java:364)
at org.testng.SuiteRunnerWorker.runSuite(SuiteRunnerWorker.java:52)
at org.testng.SuiteRunnerWorker.run(SuiteRunnerWorker.java:84)
at org.testng.TestNG.runSuitesSequentially(TestNG.java:1208)
at org.testng.TestNG.runSuitesLocally(TestNG.java:1137)
at org.testng.TestNG.runSuites(TestNG.java:1049)
at org.testng.TestNG.run(TestNG.java:1017)
at org.testng.remote.AbstractRemoteTestNG.run(AbstractRemoteTestNG.java:114)
at org.testng.remote.RemoteTestNG.initAndRun(RemoteTestNG.java:251)
at org.testng.remote.RemoteTestNG.main(RemoteTestNG.java:77)
]]>
            </full-stacktrace>
          </exception> <!-- java.lang.AssertionError -->
          <reporter-output>
          </reporter-output>
        </test-method> <!-- TestInstagram -->
        <test-method status="PASS" signature="CloseBrowser(org.testng.ITestResult)[pri:0, instance:Test1.testInstagram@39c0f4a]" name="CloseBrowser" is-config="true" duration-ms="1383" started-at="2018-06-03T05:39:07Z" finished-at="2018-06-03T05:39:08Z">
          <params>
            <param index="0">
              <value>
                <![CDATA[[TestResult name=TestInstagram status=FAILURE method=testInstagram.TestInstagram()[pri:0, instance:Test1.testInstagram@39c0f4a] output={null}]]]>
              </value>
            </param>
          </params>
          <reporter-output>
          </reporter-output>
        </test-method> <!-- CloseBrowser -->
      </class> <!-- Test1.testInstagram -->
      <class name="Test1.testFacebook">
        <test-method status="PASS" signature="LaunchBrowser()[pri:0, instance:Test1.testFacebook@7d9d1a19]" name="LaunchBrowser" is-config="true" duration-ms="13604" started-at="2018-06-03T05:36:23Z" finished-at="2018-06-03T05:36:37Z">
          <reporter-output>
          </reporter-output>
        </test-method> <!-- LaunchBrowser -->
        <test-method status="PASS" signature="FaceBookTest()[pri:0, instance:Test1.testFacebook@7d9d1a19]" name="FaceBookTest" duration-ms="109908" started-at="2018-06-03T05:36:37Z" finished-at="2018-06-03T05:38:27Z">
          <reporter-output>
            <line>
              <![CDATA[Test Passed]]>
            </line>
          </reporter-output>
        </test-method> <!-- FaceBookTest -->
        <test-method status="PASS" signature="CloseBrowser(org.testng.ITestResult)[pri:0, instance:Test1.testFacebook@7d9d1a19]" name="CloseBrowser" is-config="true" duration-ms="968" started-at="2018-06-03T05:38:27Z" finished-at="2018-06-03T05:38:28Z">
          <params>
            <param index="0">
              <value>
                <![CDATA[[TestResult name=FaceBookTest status=SUCCESS method=testFacebook.FaceBookTest()[pri:0, instance:Test1.testFacebook@7d9d1a19] output=Test Passed]]]>
              </value>
            </param>
          </params>
          <reporter-output>
          </reporter-output>
        </test-method> <!-- CloseBrowser -->
      </class> <!-- Test1.testFacebook -->
    </test> <!-- Test -->
  </suite> <!-- Suite -->
</testng-results>
